<?xml version="1.0" encoding="UTF-8"?>
<!-- Generated by org.testng.reporters.JUnitReportReporter -->
<testsuite skipped="3" hostname="Admins-MacBook-Pro.local" name="com.palatable.ios.testcases.LaunchScreenTesting" tests="4" failures="0" timestamp="2020-05-17T17:54:15 IST" time="98.411" errors="0">
  <testcase name="check_facebook_links" time="98.411" classname="com.palatable.ios.testcases.LaunchScreenTesting"/>
  <testcase name="check_signup_screens" classname="com.palatable.ios.testcases.LaunchScreenTesting">
    <skipped/>
  </testcase> <!-- check_signup_screens -->
  <testcase name="invalid_user_signin" classname="com.palatable.ios.testcases.LaunchScreenTesting">
    <skipped/>
  </testcase> <!-- invalid_user_signin -->
  <testcase name="get_started_check" classname="com.palatable.ios.testcases.LaunchScreenTesting">
    <skipped/>
  </testcase> <!-- get_started_check -->
</testsuite> <!-- com.palatable.ios.testcases.LaunchScreenTesting -->
