<?xml version="1.0" encoding="UTF-8"?>
<!-- Generated by org.testng.reporters.JUnitReportReporter -->
<testsuite hostname="Admins-MacBook-Pro.local" failures="0" tests="4" name="com.palatable.ios.testcases.LaunchScreenTesting" time="70.157" errors="0" timestamp="2020-05-22T02:04:13 IST" skipped="3">
  <testcase classname="com.palatable.ios.testcases.LaunchScreenTesting" name="check_facebook_links" time="70.157"/>
  <testcase classname="com.palatable.ios.testcases.LaunchScreenTesting" name="check_signup_screens">
    <skipped/>
  </testcase> <!-- check_signup_screens -->
  <testcase classname="com.palatable.ios.testcases.LaunchScreenTesting" name="invalid_user_signin">
    <skipped/>
  </testcase> <!-- invalid_user_signin -->
  <testcase classname="com.palatable.ios.testcases.LaunchScreenTesting" name="get_started_check">
    <skipped/>
  </testcase> <!-- get_started_check -->
</testsuite> <!-- com.palatable.ios.testcases.LaunchScreenTesting -->
